<?xml version="1.0" encoding="UTF-8"?>
<testng-results skipped="1" failed="0" total="8" passed="7">
  <reporter-output>
  </reporter-output>
  <suite name="Suite" duration-ms="144" started-at="2018-12-07T05:45:22Z" finished-at="2018-12-07T05:45:22Z">
    <groups>
    </groups>
    <test name="Test" duration-ms="144" started-at="2018-12-07T05:45:22Z" finished-at="2018-12-07T05:45:22Z">
      <class name="com.scp.invoice.I1Test">
        <test-method status="PASS" signature="Invoice14(java.lang.String, java.lang.String, java.lang.String)[pri:0, instance:com.scp.invoice.I1Test@6574b225]" name="Invoice14" duration-ms="18" started-at="2018-12-07T11:15:22Z" data-provider="data" finished-at="2018-12-07T11:15:22Z">
          <params>
            <param index="0">
              <value>
                <![CDATA[A0]]>
              </value>
            </param>
            <param index="1">
              <value>
                <![CDATA[B0]]>
              </value>
            </param>
            <param index="2">
              <value>
                <![CDATA[C0]]>
              </value>
            </param>
          </params>
          <reporter-output>
          </reporter-output>
        </test-method> <!-- Invoice14 -->
        <test-method status="PASS" signature="Invoice14(java.lang.String, java.lang.String, java.lang.String)[pri:0, instance:com.scp.invoice.I1Test@6574b225]" name="Invoice14" duration-ms="6" started-at="2018-12-07T11:15:22Z" data-provider="data" finished-at="2018-12-07T11:15:22Z">
          <params>
            <param index="0">
              <value>
                <![CDATA[A1]]>
              </value>
            </param>
            <param index="1">
              <value>
                <![CDATA[B1]]>
              </value>
            </param>
            <param index="2">
              <value>
                <![CDATA[C1]]>
              </value>
            </param>
          </params>
          <reporter-output>
          </reporter-output>
        </test-method> <!-- Invoice14 -->
        <test-method status="PASS" signature="Invoice14(java.lang.String, java.lang.String, java.lang.String)[pri:0, instance:com.scp.invoice.I1Test@6574b225]" name="Invoice14" duration-ms="3" started-at="2018-12-07T11:15:22Z" data-provider="data" finished-at="2018-12-07T11:15:22Z">
          <params>
            <param index="0">
              <value>
                <![CDATA[A2]]>
              </value>
            </param>
            <param index="1">
              <value>
                <![CDATA[B2]]>
              </value>
            </param>
            <param index="2">
              <value>
                <![CDATA[C2]]>
              </value>
            </param>
          </params>
          <reporter-output>
          </reporter-output>
        </test-method> <!-- Invoice14 -->
        <test-method status="PASS" signature="Invoice14(java.lang.String, java.lang.String, java.lang.String)[pri:0, instance:com.scp.invoice.I1Test@6574b225]" name="Invoice14" duration-ms="3" started-at="2018-12-07T11:15:22Z" data-provider="data" finished-at="2018-12-07T11:15:22Z">
          <params>
            <param index="0">
              <value>
                <![CDATA[A3]]>
              </value>
            </param>
            <param index="1">
              <value>
                <![CDATA[B3]]>
              </value>
            </param>
            <param index="2">
              <value>
                <![CDATA[C3]]>
              </value>
            </param>
          </params>
          <reporter-output>
          </reporter-output>
        </test-method> <!-- Invoice14 -->
        <test-method status="PASS" signature="Invoice14(java.lang.String, java.lang.String, java.lang.String)[pri:0, instance:com.scp.invoice.I1Test@6574b225]" name="Invoice14" duration-ms="8" started-at="2018-12-07T11:15:22Z" data-provider="data" finished-at="2018-12-07T11:15:22Z">
          <params>
            <param index="0">
              <value>
                <![CDATA[A4]]>
              </value>
            </param>
            <param index="1">
              <value>
                <![CDATA[B4]]>
              </value>
            </param>
            <param index="2">
              <value>
                <![CDATA[C4]]>
              </value>
            </param>
          </params>
          <reporter-output>
          </reporter-output>
        </test-method> <!-- Invoice14 -->
        <test-method status="PASS" signature="Invoice15()[pri:0, instance:com.scp.invoice.I1Test@6574b225]" name="Invoice15" duration-ms="4" started-at="2018-12-07T11:15:22Z" finished-at="2018-12-07T11:15:22Z">
          <exception class="java.lang.ArithmeticException">
            <message>
              <![CDATA[/ by zero]]>
            </message>
            <full-stacktrace>
              <![CDATA[java.lang.ArithmeticException: / by zero
	at com.scp.invoice.I1Test.Invoice15(I1Test.java:60)
	at sun.reflect.NativeMethodAccessorImpl.invoke0(Native Method)
	at sun.reflect.NativeMethodAccessorImpl.invoke(NativeMethodAccessorImpl.java:62)
	at sun.reflect.DelegatingMethodAccessorImpl.invoke(DelegatingMethodAccessorImpl.java:43)
	at java.lang.reflect.Method.invoke(Method.java:498)
	at org.testng.internal.MethodInvocationHelper.invokeMethod(MethodInvocationHelper.java:86)
	at org.testng.internal.Invoker.invokeMethod(Invoker.java:643)
	at org.testng.internal.Invoker.invokeTestMethod(Invoker.java:820)
	at org.testng.internal.Invoker.invokeTestMethods(Invoker.java:1128)
	at org.testng.internal.TestMethodWorker.invokeTestMethods(TestMethodWorker.java:129)
	at org.testng.internal.TestMethodWorker.run(TestMethodWorker.java:112)
	at org.testng.TestRunner.privateRun(TestRunner.java:782)
	at org.testng.TestRunner.run(TestRunner.java:632)
	at org.testng.SuiteRunner.runTest(SuiteRunner.java:366)
	at org.testng.SuiteRunner.runSequentially(SuiteRunner.java:361)
	at org.testng.SuiteRunner.privateRun(SuiteRunner.java:319)
	at org.testng.SuiteRunner.run(SuiteRunner.java:268)
	at org.testng.SuiteRunnerWorker.runSuite(SuiteRunnerWorker.java:52)
	at org.testng.SuiteRunnerWorker.run(SuiteRunnerWorker.java:86)
	at org.testng.TestNG.runSuitesSequentially(TestNG.java:1244)
	at org.testng.TestNG.runSuitesLocally(TestNG.java:1169)
	at org.testng.TestNG.run(TestNG.java:1064)
	at org.testng.remote.AbstractRemoteTestNG.run(AbstractRemoteTestNG.java:126)
	at org.testng.remote.RemoteTestNG.initAndRun(RemoteTestNG.java:152)
	at org.testng.remote.RemoteTestNG.main(RemoteTestNG.java:57)
]]>
            </full-stacktrace>
          </exception> <!-- java.lang.ArithmeticException -->
          <reporter-output>
          </reporter-output>
        </test-method> <!-- Invoice15 -->
        <test-method status="PASS" signature="m1(java.lang.String)[pri:0, instance:com.scp.invoice.I1Test@6574b225]" name="m1" duration-ms="5" started-at="2018-12-07T11:15:22Z" finished-at="2018-12-07T11:15:22Z">
          <params>
            <param index="0">
              <value>
                <![CDATA[prod]]>
              </value>
            </param>
          </params>
          <reporter-output>
          </reporter-output>
        </test-method> <!-- m1 -->
        <test-method status="SKIP" signature="Invoice(java.lang.String, java.lang.String, java.lang.String)[pri:0, instance:com.scp.invoice.I1Test@6574b225]" name="Invoice" duration-ms="0" started-at="2018-12-07T11:15:22Z" depends-on-methods="abc, com.scp.invoice.I1Test.Invoice14" finished-at="2018-12-07T11:15:22Z">
          <exception class="org.testng.TestNGException">
            <message>
              <![CDATA[
Method Invoice requires 3 parameters but 0 were supplied in the @Test annotation.]]>
            </message>
            <full-stacktrace>
              <![CDATA[org.testng.TestNGException: 
Method Invoice requires 3 parameters but 0 were supplied in the @Test annotation.
	at org.testng.internal.Parameters.checkParameterTypes(Parameters.java:191)
	at org.testng.internal.Parameters.createParameters(Parameters.java:127)
	at org.testng.internal.Parameters.createParameters(Parameters.java:376)
	at org.testng.internal.Parameters.handleParameters(Parameters.java:451)
	at org.testng.internal.Invoker.handleParameters(Invoker.java:1274)
	at org.testng.internal.Invoker.createParameters(Invoker.java:989)
	at org.testng.internal.Invoker.invokeTestMethods(Invoker.java:1079)
	at org.testng.internal.TestMethodWorker.invokeTestMethods(TestMethodWorker.java:129)
	at org.testng.internal.TestMethodWorker.run(TestMethodWorker.java:112)
	at org.testng.TestRunner.privateRun(TestRunner.java:782)
	at org.testng.TestRunner.run(TestRunner.java:632)
	at org.testng.SuiteRunner.runTest(SuiteRunner.java:366)
	at org.testng.SuiteRunner.runSequentially(SuiteRunner.java:361)
	at org.testng.SuiteRunner.privateRun(SuiteRunner.java:319)
	at org.testng.SuiteRunner.run(SuiteRunner.java:268)
	at org.testng.SuiteRunnerWorker.runSuite(SuiteRunnerWorker.java:52)
	at org.testng.SuiteRunnerWorker.run(SuiteRunnerWorker.java:86)
	at org.testng.TestNG.runSuitesSequentially(TestNG.java:1244)
	at org.testng.TestNG.runSuitesLocally(TestNG.java:1169)
	at org.testng.TestNG.run(TestNG.java:1064)
	at org.testng.remote.AbstractRemoteTestNG.run(AbstractRemoteTestNG.java:126)
	at org.testng.remote.RemoteTestNG.initAndRun(RemoteTestNG.java:152)
	at org.testng.remote.RemoteTestNG.main(RemoteTestNG.java:57)
]]>
            </full-stacktrace>
          </exception> <!-- org.testng.TestNGException -->
          <reporter-output>
          </reporter-output>
        </test-method> <!-- Invoice -->
      </class> <!-- com.scp.invoice.I1Test -->
    </test> <!-- Test -->
  </suite> <!-- Suite -->
</testng-results>
